2018-10-28 17:42:20  [7963] (Query failed) [ERROR:  syntax error at or near "PRAGMA"
LINE 1: PRAGMA journal_mode=WAL
        ^
(42601)] PRAGMA journal_mode=WAL
2018-10-28 17:42:20  [7963] (Query failed) [ERROR:  syntax error at or near "PRAGMA"
LINE 1: PRAGMA foreign_keys=ON
        ^
(42601)] PRAGMA foreign_keys=ON
2018-10-28 17:42:20  [7963] (Query failed) [ERROR:  syntax error at or near "PRAGMA"
LINE 1: PRAGMA busy_timeout=5000
        ^
(42601)] PRAGMA busy_timeout=5000
2018-10-28 17:42:20  [7963] (Query failed) [ERROR:  syntax error at or near "PRAGMA"
LINE 1: PRAGMA synchronous=NORMAL
        ^
(42601)] PRAGMA synchronous=NORMAL
2018-10-28 17:42:20  [7963] [BEGIN] [databaseId:0]
2018-10-28 17:42:20  [7963] (Query failed) [ERROR:  permission denied for relation contest
(42501)] SELECT "contest_id","title","description","start_time","finish_time","is_private","is_active","lock_revision" FROM "contest" t0
2018-10-28 17:42:20  [7963] [COMMIT Failed] [databaseId:0]
2018-10-28 17:42:25  [7963] [BEGIN] [databaseId:0]
2018-10-28 17:42:25  [7963] (Query failed) [ERROR:  permission denied for relation contest
(42501)] SELECT "contest_id","title","description","start_time","finish_time","is_private","is_active","lock_revision" FROM "contest" t0
2018-10-28 17:42:25  [7963] [COMMIT Failed] [databaseId:0]
2018-10-28 17:42:38  [8072] [BEGIN] [databaseId:0]
2018-10-28 17:42:38  [8072] (Query failed) [ERROR:  permission denied for relation contest
(42501)] SELECT "contest_id","title","description","start_time","finish_time","is_private","is_active","lock_revision" FROM "contest" t0
2018-10-28 17:42:38  [8072] [COMMIT Failed] [databaseId:0]
